{"/Users/KNascimento/Documents/Estudos/back/tests/server/__tests__utils/truncate.js": {"path":"/Users/KNascimento/Documents/Estudos/back/tests/server/__tests__utils/truncate.js","statementMap":{"0":{"start":{"line":1,"column":13},"end":{"line":1,"column":73}},"1":{"start":{"line":1,"column":113},"end":{"line":1,"column":167}},"2":{"start":{"line":1,"column":185},"end":{"line":1,"column":211}},"3":{"start":{"line":1,"column":230},"end":{"line":1,"column":263}},"4":{"start":{"line":4,"column":2},"end":{"line":11,"column":4}},"5":{"start":{"line":6,"column":6},"end":{"line":9,"column":9}},"6":{"start":{"line":12,"column":2},"end":{"line":12,"column":29}}},"fnMap":{"0":{"name":"_interopRequireDefault","decl":{"start":{"line":1,"column":83},"end":{"line":1,"column":105}},"loc":{"start":{"line":1,"column":111},"end":{"line":1,"column":169}},"line":1},"1":{"name":"truncate","decl":{"start":{"line":3,"column":10},"end":{"line":3,"column":18}},"loc":{"start":{"line":3,"column":21},"end":{"line":12,"column":1}},"line":3},"2":{"name":"(anonymous_2)","decl":{"start":{"line":5,"column":58},"end":{"line":5,"column":59}},"loc":{"start":{"line":5,"column":65},"end":{"line":10,"column":5}},"line":5}},"branchMap":{"0":{"loc":{"start":{"line":1,"column":120},"end":{"line":1,"column":166}},"type":"cond-expr","locations":[{"start":{"line":1,"column":144},"end":{"line":1,"column":147}},{"start":{"line":1,"column":150},"end":{"line":1,"column":166}}],"line":1},"1":{"loc":{"start":{"line":1,"column":120},"end":{"line":1,"column":141}},"type":"binary-expr","locations":[{"start":{"line":1,"column":120},"end":{"line":1,"column":123}},{"start":{"line":1,"column":127},"end":{"line":1,"column":141}}],"line":1}},"s":{"0":1,"1":1,"2":1,"3":1,"4":2,"5":2,"6":1},"f":{"0":1,"1":2,"2":2},"b":{"0":[1,0],"1":[1,1]},"_coverageSchema":"1a1c01bbd47fc00a2c39e90264f33305004495a9","hash":"e9deb9022943ab22484be5b4b4e4e2daa88752dc"}
,"/Users/KNascimento/Documents/Estudos/back/tests/server/src/app.js": {"path":"/Users/KNascimento/Documents/Estudos/back/tests/server/src/app.js","statementMap":{"0":{"start":{"line":1,"column":13},"end":{"line":1,"column":73}},"1":{"start":{"line":1,"column":114},"end":{"line":1,"column":345}},"2":{"start":{"line":1,"column":143},"end":{"line":1,"column":154}},"3":{"start":{"line":1,"column":177},"end":{"line":1,"column":179}},"4":{"start":{"line":1,"column":181},"end":{"line":1,"column":306}},"5":{"start":{"line":1,"column":200},"end":{"line":1,"column":304}},"6":{"start":{"line":1,"column":223},"end":{"line":1,"column":302}},"7":{"start":{"line":1,"column":277},"end":{"line":1,"column":300}},"8":{"start":{"line":1,"column":307},"end":{"line":1,"column":328}},"9":{"start":{"line":1,"column":329},"end":{"line":1,"column":343}},"10":{"start":{"line":1,"column":387},"end":{"line":1,"column":441}},"11":{"start":{"line":2,"column":13},"end":{"line":2,"column":29}},"12":{"start":{"line":2,"column":43},"end":{"line":2,"column":74}},"13":{"start":{"line":3,"column":15},"end":{"line":3,"column":33}},"14":{"start":{"line":3,"column":51},"end":{"line":3,"column":83}},"15":{"start":{"line":4,"column":0},"end":{"line":4,"column":32}},"16":{"start":{"line":6,"column":14},"end":{"line":6,"column":33}},"17":{"start":{"line":6,"column":50},"end":{"line":6,"column":81}},"18":{"start":{"line":10,"column":0},"end":{"line":10,"column":22}},"19":{"start":{"line":14,"column":4},"end":{"line":14,"column":51}},"20":{"start":{"line":16,"column":4},"end":{"line":16,"column":23}},"21":{"start":{"line":17,"column":4},"end":{"line":17,"column":18}},"22":{"start":{"line":18,"column":4},"end":{"line":18,"column":28}},"23":{"start":{"line":22,"column":4},"end":{"line":22,"column":46}},"24":{"start":{"line":26,"column":4},"end":{"line":26,"column":38}},"25":{"start":{"line":30,"column":4},"end":{"line":38,"column":7}},"26":{"start":{"line":31,"column":6},"end":{"line":35,"column":7}},"27":{"start":{"line":32,"column":23},"end":{"line":32,"column":57}},"28":{"start":{"line":34,"column":8},"end":{"line":34,"column":44}},"29":{"start":{"line":37,"column":6},"end":{"line":37,"column":70}},"30":{"start":{"line":42,"column":0},"end":{"line":42,"column":36}}},"fnMap":{"0":{"name":"_interopRequireWildcard","decl":{"start":{"line":1,"column":83},"end":{"line":1,"column":106}},"loc":{"start":{"line":1,"column":112},"end":{"line":1,"column":347}},"line":1},"1":{"name":"_interopRequireDefault","decl":{"start":{"line":1,"column":357},"end":{"line":1,"column":379}},"loc":{"start":{"line":1,"column":385},"end":{"line":1,"column":443}},"line":1},"2":{"name":"(anonymous_2)","decl":{"start":{"line":13,"column":2},"end":{"line":13,"column":3}},"loc":{"start":{"line":13,"column":16},"end":{"line":19,"column":3}},"line":13},"3":{"name":"(anonymous_3)","decl":{"start":{"line":21,"column":2},"end":{"line":21,"column":3}},"loc":{"start":{"line":21,"column":16},"end":{"line":23,"column":3}},"line":21},"4":{"name":"(anonymous_4)","decl":{"start":{"line":25,"column":2},"end":{"line":25,"column":3}},"loc":{"start":{"line":25,"column":11},"end":{"line":27,"column":3}},"line":25},"5":{"name":"(anonymous_5)","decl":{"start":{"line":29,"column":2},"end":{"line":29,"column":3}},"loc":{"start":{"line":29,"column":21},"end":{"line":39,"column":3}},"line":29},"6":{"name":"(anonymous_6)","decl":{"start":{"line":30,"column":20},"end":{"line":30,"column":21}},"loc":{"start":{"line":30,"column":51},"end":{"line":38,"column":5}},"line":30}},"branchMap":{"0":{"loc":{"start":{"line":1,"column":114},"end":{"line":1,"column":345}},"type":"if","locations":[{"start":{"line":1,"column":114},"end":{"line":1,"column":345}},{"start":{"line":1,"column":114},"end":{"line":1,"column":345}}],"line":1},"1":{"loc":{"start":{"line":1,"column":118},"end":{"line":1,"column":139}},"type":"binary-expr","locations":[{"start":{"line":1,"column":118},"end":{"line":1,"column":121}},{"start":{"line":1,"column":125},"end":{"line":1,"column":139}}],"line":1},"2":{"loc":{"start":{"line":1,"column":181},"end":{"line":1,"column":306}},"type":"if","locations":[{"start":{"line":1,"column":181},"end":{"line":1,"column":306}},{"start":{"line":1,"column":181},"end":{"line":1,"column":306}}],"line":1},"3":{"loc":{"start":{"line":1,"column":223},"end":{"line":1,"column":302}},"type":"if","locations":[{"start":{"line":1,"column":223},"end":{"line":1,"column":302}},{"start":{"line":1,"column":223},"end":{"line":1,"column":302}}],"line":1},"4":{"loc":{"start":{"line":1,"column":394},"end":{"line":1,"column":440}},"type":"cond-expr","locations":[{"start":{"line":1,"column":418},"end":{"line":1,"column":421}},{"start":{"line":1,"column":424},"end":{"line":1,"column":440}}],"line":1},"5":{"loc":{"start":{"line":1,"column":394},"end":{"line":1,"column":415}},"type":"binary-expr","locations":[{"start":{"line":1,"column":394},"end":{"line":1,"column":397}},{"start":{"line":1,"column":401},"end":{"line":1,"column":415}}],"line":1},"6":{"loc":{"start":{"line":31,"column":6},"end":{"line":35,"column":7}},"type":"if","locations":[{"start":{"line":31,"column":6},"end":{"line":35,"column":7}},{"start":{"line":31,"column":6},"end":{"line":35,"column":7}}],"line":31}},"s":{"0":1,"1":1,"2":0,"3":1,"4":1,"5":1,"6":0,"7":0,"8":1,"9":1,"10":2,"11":1,"12":1,"13":1,"14":1,"15":1,"16":1,"17":1,"18":1,"19":1,"20":1,"21":1,"22":1,"23":1,"24":1,"25":1,"26":0,"27":0,"28":0,"29":0,"30":1},"f":{"0":1,"1":2,"2":1,"3":1,"4":1,"5":1,"6":0},"b":{"0":[0,1],"1":[1,1],"2":[1,0],"3":[0,0],"4":[1,1],"5":[2,2],"6":[0,0]},"_coverageSchema":"1a1c01bbd47fc00a2c39e90264f33305004495a9","hash":"d3f5d059f863eb5ce1f022ead5bff6b3dcd3b1b4"}
,"/Users/KNascimento/Documents/Estudos/back/tests/server/src/routes.js": {"path":"/Users/KNascimento/Documents/Estudos/back/tests/server/src/routes.js","statementMap":{"0":{"start":{"line":1,"column":13},"end":{"line":1,"column":73}},"1":{"start":{"line":1,"column":113},"end":{"line":1,"column":167}},"2":{"start":{"line":1,"column":184},"end":{"line":1,"column":202}},"3":{"start":{"line":2,"column":12},"end":{"line":2,"column":45}},"4":{"start":{"line":2,"column":60},"end":{"line":2,"column":89}},"5":{"start":{"line":4,"column":15},"end":{"line":4,"column":41}},"6":{"start":{"line":6,"column":0},"end":{"line":6,"column":79}},"7":{"start":{"line":6,"column":30},"end":{"line":6,"column":77}},"8":{"start":{"line":12,"column":0},"end":{"line":12,"column":44}},"9":{"start":{"line":14,"column":0},"end":{"line":14,"column":26}}},"fnMap":{"0":{"name":"_interopRequireDefault","decl":{"start":{"line":1,"column":83},"end":{"line":1,"column":105}},"loc":{"start":{"line":1,"column":111},"end":{"line":1,"column":169}},"line":1},"1":{"name":"(anonymous_1)","decl":{"start":{"line":6,"column":16},"end":{"line":6,"column":17}},"loc":{"start":{"line":6,"column":30},"end":{"line":6,"column":77}},"line":6}},"branchMap":{"0":{"loc":{"start":{"line":1,"column":120},"end":{"line":1,"column":166}},"type":"cond-expr","locations":[{"start":{"line":1,"column":144},"end":{"line":1,"column":147}},{"start":{"line":1,"column":150},"end":{"line":1,"column":166}}],"line":1},"1":{"loc":{"start":{"line":1,"column":120},"end":{"line":1,"column":141}},"type":"binary-expr","locations":[{"start":{"line":1,"column":120},"end":{"line":1,"column":123}},{"start":{"line":1,"column":127},"end":{"line":1,"column":141}}],"line":1}},"s":{"0":1,"1":1,"2":1,"3":1,"4":1,"5":1,"6":1,"7":0,"8":1,"9":1},"f":{"0":1,"1":0},"b":{"0":[1,0],"1":[1,1]},"_coverageSchema":"1a1c01bbd47fc00a2c39e90264f33305004495a9","hash":"34fade66e21ada0e8e0295cb66f4c17f894851e1"}
,"/Users/KNascimento/Documents/Estudos/back/tests/server/src/app/controllers/User.js": {"path":"/Users/KNascimento/Documents/Estudos/back/tests/server/src/app/controllers/User.js","statementMap":{"0":{"start":{"line":1,"column":13},"end":{"line":1,"column":73}},"1":{"start":{"line":1,"column":113},"end":{"line":1,"column":167}},"2":{"start":{"line":1,"column":181},"end":{"line":1,"column":206}},"3":{"start":{"line":1,"column":221},"end":{"line":1,"column":250}},"4":{"start":{"line":5,"column":4},"end":{"line":17,"column":5}},"5":{"start":{"line":6,"column":24},"end":{"line":6,"column":32}},"6":{"start":{"line":8,"column":6},"end":{"line":9,"column":68}},"7":{"start":{"line":9,"column":8},"end":{"line":9,"column":68}},"8":{"start":{"line":11,"column":19},"end":{"line":11,"column":56}},"9":{"start":{"line":13,"column":6},"end":{"line":13,"column":40}},"10":{"start":{"line":15,"column":6},"end":{"line":15,"column":25}},"11":{"start":{"line":16,"column":6},"end":{"line":16,"column":41}},"12":{"start":{"line":21,"column":0},"end":{"line":21,"column":40}}},"fnMap":{"0":{"name":"_interopRequireDefault","decl":{"start":{"line":1,"column":83},"end":{"line":1,"column":105}},"loc":{"start":{"line":1,"column":111},"end":{"line":1,"column":169}},"line":1},"1":{"name":"(anonymous_1)","decl":{"start":{"line":4,"column":2},"end":{"line":4,"column":3}},"loc":{"start":{"line":4,"column":24},"end":{"line":18,"column":3}},"line":4}},"branchMap":{"0":{"loc":{"start":{"line":1,"column":120},"end":{"line":1,"column":166}},"type":"cond-expr","locations":[{"start":{"line":1,"column":144},"end":{"line":1,"column":147}},{"start":{"line":1,"column":150},"end":{"line":1,"column":166}}],"line":1},"1":{"loc":{"start":{"line":1,"column":120},"end":{"line":1,"column":141}},"type":"binary-expr","locations":[{"start":{"line":1,"column":120},"end":{"line":1,"column":123}},{"start":{"line":1,"column":127},"end":{"line":1,"column":141}}],"line":1},"2":{"loc":{"start":{"line":8,"column":6},"end":{"line":9,"column":68}},"type":"if","locations":[{"start":{"line":8,"column":6},"end":{"line":9,"column":68}},{"start":{"line":8,"column":6},"end":{"line":9,"column":68}}],"line":8}},"s":{"0":1,"1":1,"2":1,"3":1,"4":3,"5":3,"6":3,"7":1,"8":2,"9":2,"10":0,"11":0,"12":1},"f":{"0":1,"1":3},"b":{"0":[1,0],"1":[1,1],"2":[1,2]},"_coverageSchema":"1a1c01bbd47fc00a2c39e90264f33305004495a9","hash":"24838c06aaefce1058050b7373acdd98773764e3"}
,"/Users/KNascimento/Documents/Estudos/back/tests/server/src/app/models/User.js": {"path":"/Users/KNascimento/Documents/Estudos/back/tests/server/src/app/models/User.js","statementMap":{"0":{"start":{"line":1,"column":13},"end":{"line":1,"column":73}},"1":{"start":{"line":1,"column":113},"end":{"line":1,"column":167}},"2":{"start":{"line":1,"column":186},"end":{"line":1,"column":206}},"3":{"start":{"line":1,"column":226},"end":{"line":1,"column":260}},"4":{"start":{"line":5,"column":4},"end":{"line":14,"column":6}},"5":{"start":{"line":16,"column":4},"end":{"line":16,"column":16}},"6":{"start":{"line":20,"column":0},"end":{"line":20,"column":24}}},"fnMap":{"0":{"name":"_interopRequireDefault","decl":{"start":{"line":1,"column":83},"end":{"line":1,"column":105}},"loc":{"start":{"line":1,"column":111},"end":{"line":1,"column":169}},"line":1},"1":{"name":"(anonymous_1)","decl":{"start":{"line":4,"column":2},"end":{"line":4,"column":3}},"loc":{"start":{"line":4,"column":25},"end":{"line":17,"column":3}},"line":4}},"branchMap":{"0":{"loc":{"start":{"line":1,"column":120},"end":{"line":1,"column":166}},"type":"cond-expr","locations":[{"start":{"line":1,"column":144},"end":{"line":1,"column":147}},{"start":{"line":1,"column":150},"end":{"line":1,"column":166}}],"line":1},"1":{"loc":{"start":{"line":1,"column":120},"end":{"line":1,"column":141}},"type":"binary-expr","locations":[{"start":{"line":1,"column":120},"end":{"line":1,"column":123}},{"start":{"line":1,"column":127},"end":{"line":1,"column":141}}],"line":1}},"s":{"0":1,"1":1,"2":1,"3":1,"4":1,"5":1,"6":1},"f":{"0":1,"1":1},"b":{"0":[0,1],"1":[1,1]},"_coverageSchema":"1a1c01bbd47fc00a2c39e90264f33305004495a9","hash":"6d4c830a15f749c59c919859049ab216284b9a0e"}
,"/Users/KNascimento/Documents/Estudos/back/tests/server/src/config/database.js": {"path":"/Users/KNascimento/Documents/Estudos/back/tests/server/src/config/database.js","statementMap":{"0":{"start":{"line":1,"column":13},"end":{"line":28,"column":2}}},"fnMap":{},"branchMap":{},"s":{"0":1},"f":{},"b":{},"_coverageSchema":"1a1c01bbd47fc00a2c39e90264f33305004495a9","hash":"57d2c2b585437224b12b5f1b6fd2673e36f041a9"}
,"/Users/KNascimento/Documents/Estudos/back/tests/server/src/database/index.js": {"path":"/Users/KNascimento/Documents/Estudos/back/tests/server/src/database/index.js","statementMap":{"0":{"start":{"line":1,"column":13},"end":{"line":1,"column":73}},"1":{"start":{"line":1,"column":113},"end":{"line":1,"column":167}},"2":{"start":{"line":1,"column":169},"end":{"line":1,"column":194}},"3":{"start":{"line":2,"column":17},"end":{"line":2,"column":37}},"4":{"start":{"line":2,"column":57},"end":{"line":2,"column":91}},"5":{"start":{"line":4,"column":16},"end":{"line":4,"column":45}},"6":{"start":{"line":4,"column":64},"end":{"line":4,"column":97}},"7":{"start":{"line":5,"column":12},"end":{"line":5,"column":41}},"8":{"start":{"line":5,"column":56},"end":{"line":5,"column":85}},"9":{"start":{"line":7,"column":15},"end":{"line":7,"column":31}},"10":{"start":{"line":10,"column":12},"end":{"line":10,"column":25}},"11":{"start":{"line":14,"column":4},"end":{"line":14,"column":16}},"12":{"start":{"line":18,"column":4},"end":{"line":18,"column":56}},"13":{"start":{"line":20,"column":4},"end":{"line":22,"column":80}},"14":{"start":{"line":21,"column":20},"end":{"line":21,"column":47}},"15":{"start":{"line":22,"column":20},"end":{"line":22,"column":78}},"16":{"start":{"line":26,"column":0},"end":{"line":26,"column":34}},"17":{"start":{"line":29,"column":2},"end":{"line":38,"column":3}},"18":{"start":{"line":31,"column":6},"end":{"line":31,"column":44}},"19":{"start":{"line":33,"column":6},"end":{"line":33,"column":37}},"20":{"start":{"line":35,"column":6},"end":{"line":35,"column":43}},"21":{"start":{"line":37,"column":6},"end":{"line":37,"column":44}}},"fnMap":{"0":{"name":"_interopRequireDefault","decl":{"start":{"line":1,"column":83},"end":{"line":1,"column":105}},"loc":{"start":{"line":1,"column":111},"end":{"line":1,"column":169}},"line":1},"1":{"name":"(anonymous_1)","decl":{"start":{"line":13,"column":2},"end":{"line":13,"column":3}},"loc":{"start":{"line":13,"column":16},"end":{"line":15,"column":3}},"line":13},"2":{"name":"(anonymous_2)","decl":{"start":{"line":17,"column":2},"end":{"line":17,"column":3}},"loc":{"start":{"line":17,"column":9},"end":{"line":23,"column":3}},"line":17},"3":{"name":"(anonymous_3)","decl":{"start":{"line":21,"column":11},"end":{"line":21,"column":12}},"loc":{"start":{"line":21,"column":20},"end":{"line":21,"column":47}},"line":21},"4":{"name":"(anonymous_4)","decl":{"start":{"line":22,"column":11},"end":{"line":22,"column":12}},"loc":{"start":{"line":22,"column":20},"end":{"line":22,"column":78}},"line":22},"5":{"name":"environment","decl":{"start":{"line":28,"column":9},"end":{"line":28,"column":20}},"loc":{"start":{"line":28,"column":23},"end":{"line":39,"column":1}},"line":28}},"branchMap":{"0":{"loc":{"start":{"line":1,"column":120},"end":{"line":1,"column":166}},"type":"cond-expr","locations":[{"start":{"line":1,"column":144},"end":{"line":1,"column":147}},{"start":{"line":1,"column":150},"end":{"line":1,"column":166}}],"line":1},"1":{"loc":{"start":{"line":1,"column":120},"end":{"line":1,"column":141}},"type":"binary-expr","locations":[{"start":{"line":1,"column":120},"end":{"line":1,"column":123}},{"start":{"line":1,"column":127},"end":{"line":1,"column":141}}],"line":1},"2":{"loc":{"start":{"line":22,"column":20},"end":{"line":22,"column":78}},"type":"binary-expr","locations":[{"start":{"line":22,"column":20},"end":{"line":22,"column":35}},{"start":{"line":22,"column":39},"end":{"line":22,"column":78}}],"line":22},"3":{"loc":{"start":{"line":29,"column":2},"end":{"line":38,"column":3}},"type":"switch","locations":[{"start":{"line":30,"column":4},"end":{"line":31,"column":44}},{"start":{"line":32,"column":4},"end":{"line":33,"column":37}},{"start":{"line":34,"column":4},"end":{"line":35,"column":43}},{"start":{"line":36,"column":4},"end":{"line":37,"column":44}}],"line":29}},"s":{"0":1,"1":3,"2":1,"3":1,"4":1,"5":1,"6":1,"7":1,"8":1,"9":1,"10":1,"11":1,"12":1,"13":1,"14":1,"15":1,"16":1,"17":1,"18":0,"19":1,"20":0,"21":0},"f":{"0":3,"1":1,"2":1,"3":1,"4":1,"5":1},"b":{"0":[1,2],"1":[3,3],"2":[1,0],"3":[0,1,0,0]},"_coverageSchema":"1a1c01bbd47fc00a2c39e90264f33305004495a9","hash":"91f49879e6438c6ca0009c5e563cfc0c8944507d"}
}
