TN:
SF:src/app.js
FN:1,_interopRequireWildcard
FN:1,_interopRequireDefault
FN:13,(anonymous_2)
FN:21,(anonymous_3)
FN:25,(anonymous_4)
FN:29,(anonymous_5)
FN:30,(anonymous_6)
FNF:7
FNH:6
FNDA:1,_interopRequireWildcard
FNDA:2,_interopRequireDefault
FNDA:1,(anonymous_2)
FNDA:1,(anonymous_3)
FNDA:1,(anonymous_4)
FNDA:1,(anonymous_5)
FNDA:0,(anonymous_6)
DA:1,2
DA:2,1
DA:3,1
DA:4,1
DA:6,1
DA:10,1
DA:14,1
DA:16,1
DA:17,1
DA:18,1
DA:22,1
DA:26,1
DA:30,1
DA:31,0
DA:32,0
DA:34,0
DA:37,0
DA:42,1
LF:18
LH:14
BRDA:1,0,0,0
BRDA:1,0,1,1
BRDA:1,1,0,1
BRDA:1,1,1,1
BRDA:1,2,0,1
BRDA:1,2,1,0
BRDA:1,3,0,0
BRDA:1,3,1,0
BRDA:1,4,0,1
BRDA:1,4,1,1
BRDA:1,5,0,2
BRDA:1,5,1,2
BRDA:31,6,0,0
BRDA:31,6,1,0
BRF:14
BRH:8
end_of_record
TN:
SF:src/routes.js
FN:1,_interopRequireDefault
FN:6,(anonymous_1)
FNF:2
FNH:1
FNDA:1,_interopRequireDefault
FNDA:0,(anonymous_1)
DA:1,1
DA:2,1
DA:4,1
DA:6,1
DA:12,1
DA:14,1
LF:6
LH:6
BRDA:1,0,0,1
BRDA:1,0,1,0
BRDA:1,1,0,1
BRDA:1,1,1,1
BRF:4
BRH:3
end_of_record
TN:
SF:src/app/controllers/User.js
FN:1,_interopRequireDefault
FN:4,(anonymous_1)
FNF:2
FNH:2
FNDA:1,_interopRequireDefault
FNDA:1,(anonymous_1)
DA:1,1
DA:5,1
DA:6,1
DA:8,1
DA:10,0
DA:11,0
DA:16,1
LF:7
LH:5
BRDA:1,0,0,1
BRDA:1,0,1,0
BRDA:1,1,0,1
BRDA:1,1,1,1
BRF:4
BRH:3
end_of_record
TN:
SF:src/app/models/User.js
FN:1,_interopRequireDefault
FN:4,(anonymous_1)
FNF:2
FNH:2
FNDA:1,_interopRequireDefault
FNDA:1,(anonymous_1)
DA:1,1
DA:5,1
DA:16,1
DA:20,1
LF:4
LH:4
BRDA:1,0,0,0
BRDA:1,0,1,1
BRDA:1,1,0,1
BRDA:1,1,1,1
BRF:4
BRH:3
end_of_record
TN:
SF:src/config/database.js
FNF:0
FNH:0
DA:1,1
LF:1
LH:1
BRF:0
BRH:0
end_of_record
TN:
SF:src/database/index.js
FN:1,_interopRequireDefault
FN:13,(anonymous_1)
FN:17,(anonymous_2)
FN:21,(anonymous_3)
FN:22,(anonymous_4)
FN:28,environment
FNF:6
FNH:6
FNDA:3,_interopRequireDefault
FNDA:1,(anonymous_1)
FNDA:1,(anonymous_2)
FNDA:1,(anonymous_3)
FNDA:1,(anonymous_4)
FNDA:1,environment
DA:1,3
DA:2,1
DA:4,1
DA:5,1
DA:7,1
DA:10,1
DA:14,1
DA:18,1
DA:20,1
DA:21,1
DA:22,1
DA:26,1
DA:29,1
DA:31,0
DA:33,1
DA:35,0
DA:37,0
LF:17
LH:14
BRDA:1,0,0,1
BRDA:1,0,1,2
BRDA:1,1,0,3
BRDA:1,1,1,3
BRDA:22,2,0,1
BRDA:22,2,1,0
BRDA:29,3,0,0
BRDA:29,3,1,1
BRDA:29,3,2,0
BRDA:29,3,3,0
BRF:10
BRH:6
end_of_record
